[    0.000000] Linux version 4.15.0-200-generic (buildd@lcy02-amd64-069) (gcc version 7.5.0 (Ubuntu 7.5.0-3ubuntu1~18.04)) #211-Ubuntu SMP Thu Nov 24 18:16:04 UTC 2022 (Ubuntu 4.15.0-200.211-generic 4.15.18)
[    0.000000] Command line: BOOT_IMAGE=/boot/vmlinuz-4.15.0-200-generic root=LABEL=cloudimg-rootfs ro console=tty1 console=ttyS0
[    0.000000] KERNEL supported cpus:
[    0.000000]   Intel GenuineIntel
[    0.000000]   AMD AuthenticAMD
[    0.000000]   Centaur CentaurHauls
[    0.000000] x86/fpu: Supporting XSAVE feature 0x001: 'x87 floating point registers'
[    0.000000] x86/fpu: Supporting XSAVE feature 0x002: 'SSE registers'
[    0.000000] x86/fpu: Supporting XSAVE feature 0x004: 'AVX registers'
[    0.000000] x86/fpu: xstate_offset[2]:  576, xstate_sizes[2]:  256
[    0.000000] x86/fpu: Enabled xstate features 0x7, context size is 832 bytes, using 'standard' format.
[    0.000000] e820: BIOS-provided physical RAM map:
[    0.000000] BIOS-e820: [mem 0x0000000000000000-0x000000000009fbff] usable
[    0.000000] BIOS-e820: [mem 0x000000000009fc00-0x000000000009ffff] reserved
[    0.000000] BIOS-e820: [mem 0x00000000000f0000-0x00000000000fffff] reserved
[    0.000000] BIOS-e820: [mem 0x0000000000100000-0x000000003ffeffff] usable
[    0.000000] BIOS-e820: [mem 0x000000003fff0000-0x000000003fffffff] ACPI data
[    0.000000] BIOS-e820: [mem 0x00000000fec00000-0x00000000fec00fff] reserved
[    0.000000] BIOS-e820: [mem 0x00000000fee00000-0x00000000fee00fff] reserved
[    0.000000] BIOS-e820: [mem 0x00000000fffc0000-0x00000000ffffffff] reserved
[    0.000000] NX (Execute Disable) protection: active
[    0.000000] SMBIOS 2.5 present.
[    0.000000] DMI: innotek GmbH VirtualBox/VirtualBox, BIOS VirtualBox 12/01/2006
[    0.000000] Hypervisor detected: KVM
[    0.000000] e820: last_pfn = 0x3fff0 max_arch_pfn = 0x400000000
[    0.000000] MTRR: Disabled
[    0.000000] x86/PAT: MTRRs disabled, skipping PAT initialization too.
[    0.000000] CPU MTRRs all blank - virtualized system.
[    0.000000] x86/PAT: Configuration [0-7]: WB  WT  UC- UC  WB  WT  UC- UC  
[    0.000000] found SMP MP-table at [mem 0x0009fff0-0x0009ffff]
[    0.000000] Scanning 1 areas for low memory corruption
[    0.000000] RAMDISK: [mem 0x359c9000-0x36cdbfff]
[    0.000000] ACPI: Early table checksum verification disabled
[    0.000000] ACPI: RSDP 0x00000000000E0000 000024 (v02 VBOX  )
[    0.000000] ACPI: XSDT 0x000000003FFF0030 00003C (v01 VBOX   VBOXXSDT 00000001 ASL  00000061)
[    0.000000] ACPI: FACP 0x000000003FFF00F0 0000F4 (v04 VBOX   VBOXFACP 00000001 ASL  00000061)
[    0.000000] ACPI: DSDT 0x000000003FFF0470 0021FF (v02 VBOX   VBOXBIOS 00000002 INTL 20180105)
[    0.000000] ACPI: FACS 0x000000003FFF0200 000040
[    0.000000] ACPI: FACS 0x000000003FFF0200 000040
[    0.000000] ACPI: APIC 0x000000003FFF0240 00005C (v02 VBOX   VBOXAPIC 00000001 ASL  00000061)
[    0.000000] ACPI: SSDT 0x000000003FFF02A0 0001CC (v01 VBOX   VBOXCPUT 00000002 INTL 20180105)
[    0.000000] ACPI: Reserving FACP table memory at [mem 0x3fff00f0-0x3fff01e3]
[    0.000000] ACPI: Reserving DSDT table memory at [mem 0x3fff0470-0x3fff266e]
[    0.000000] ACPI: Reserving FACS table memory at [mem 0x3fff0200-0x3fff023f]
[    0.000000] ACPI: Reserving FACS table memory at [mem 0x3fff0200-0x3fff023f]
[    0.000000] ACPI: Reserving APIC table memory at [mem 0x3fff0240-0x3fff029b]
[    0.000000] ACPI: Reserving SSDT table memory at [mem 0x3fff02a0-0x3fff046b]
[    0.000000] No NUMA configuration found
[    0.000000] Faking a node at [mem 0x0000000000000000-0x000000003ffeffff]
[    0.000000] NODE_DATA(0) allocated [mem 0x3ffc5000-0x3ffeffff]
[    0.000000] kvm-clock: cpu 0, msr 0:3ff44001, primary cpu clock
[    0.000000] kvm-clock: Using msrs 4b564d01 and 4b564d00
[    0.000000] kvm-clock: using sched offset of 4100880443 cycles
[    0.000000] clocksource: kvm-clock: mask: 0xffffffffffffffff max_cycles: 0x1cd42e4dffb, max_idle_ns: 881590591483 ns
[    0.000000] Zone ranges:
[    0.000000]   DMA      [mem 0x0000000000001000-0x0000000000ffffff]
[    0.000000]   DMA32    [mem 0x0000000001000000-0x000000003ffeffff]
[    0.000000]   Normal   empty
[    0.000000]   Device   empty
[    0.000000] Movable zone start for each node
[    0.000000] Early memory node ranges
[    0.000000]   node   0: [mem 0x0000000000001000-0x000000000009efff]
[    0.000000]   node   0: [mem 0x0000000000100000-0x000000003ffeffff]
[    0.000000] Reserved but unavailable: 104 pages
[    0.000000] Initmem setup node 0 [mem 0x0000000000001000-0x000000003ffeffff]
[    0.000000] ACPI: PM-Timer IO Port: 0x4008
[    0.000000] IOAPIC[0]: apic_id 2, version 32, address 0xfec00000, GSI 0-23
[    0.000000] ACPI: INT_SRC_OVR (bus 0 bus_irq 0 global_irq 2 dfl dfl)
[    0.000000] ACPI: INT_SRC_OVR (bus 0 bus_irq 9 global_irq 9 low level)
[    0.000000] Using ACPI (MADT) for SMP configuration information
[    0.000000] smpboot: Allowing 2 CPUs, 0 hotplug CPUs
[    0.000000] PM: Registered nosave memory: [mem 0x00000000-0x00000fff]
[    0.000000] PM: Registered nosave memory: [mem 0x0009f000-0x0009ffff]
[    0.000000] PM: Registered nosave memory: [mem 0x000a0000-0x000effff]
[    0.000000] PM: Registered nosave memory: [mem 0x000f0000-0x000fffff]
[    0.000000] e820: [mem 0x40000000-0xfebfffff] available for PCI devices
[    0.000000] Booting paravirtualized kernel on KVM
[    0.000000] clocksource: refined-jiffies: mask: 0xffffffff max_cycles: 0xffffffff, max_idle_ns: 7645519600211568 ns
[    0.000000] setup_percpu: NR_CPUS:8192 nr_cpumask_bits:2 nr_cpu_ids:2 nr_node_ids:1
[    0.000000] percpu: Embedded 50 pages/cpu s167936 r8192 d28672 u1048576
[    0.000000] PV qspinlock hash table entries: 256 (order: 0, 4096 bytes)
[    0.000000] Built 1 zonelists, mobility grouping on.  Total pages: 257913
[    0.000000] Policy zone: DMA32
[    0.000000] Kernel command line: BOOT_IMAGE=/boot/vmlinuz-4.15.0-200-generic root=LABEL=cloudimg-rootfs ro console=tty1 console=ttyS0
[    0.000000] Memory: 982648K/1048120K available (12300K kernel code, 2477K rwdata, 4320K rodata, 2472K init, 2720K bss, 65472K reserved, 0K cma-reserved)
[    0.000000] SLUB: HWalign=64, Order=0-3, MinObjects=0, CPUs=2, Nodes=1
[    0.000000] Kernel/User page tables isolation: enabled
[    0.000000] ftrace: allocating 39478 entries in 155 pages
[    0.004000] Hierarchical RCU implementation.
[    0.004000] 	RCU restricting CPUs from NR_CPUS=8192 to nr_cpu_ids=2.
[    0.004000] 	Tasks RCU enabled.
[    0.004000] RCU: Adjusting geometry for rcu_fanout_leaf=16, nr_cpu_ids=2
[    0.004000] NR_IRQS: 524544, nr_irqs: 440, preallocated irqs: 16
[    0.004000] Console: colour VGA+ 80x25
[    0.004000] console [tty1] enabled
[    0.004000] console [ttyS0] enabled
[    0.004000] ACPI: Core revision 20170831
[    0.004000] ACPI: 2 ACPI AML tables successfully acquired and loaded
[    0.004000] APIC: Switch to symmetric I/O mode setup
[    0.004000] x2apic enabled
[    0.004013] Switched APIC routing to physical x2apic.
[    0.007060] ..TIMER: vector=0x30 apic1=0 pin1=2 apic2=-1 pin2=-1
[    0.008006] tsc: Detected 2594.104 MHz processor
[    0.009182] Calibrating delay loop (skipped) preset value.. 5188.20 BogoMIPS (lpj=10376416)
[    0.010060] pid_max: default: 32768 minimum: 301
[    0.012118] Security Framework initialized
[    0.013165] Yama: becoming mindful.
[    0.014143] AppArmor: AppArmor initialized
[    0.017229] Dentry cache hash table entries: 131072 (order: 8, 1048576 bytes)
[    0.019108] Inode-cache hash table entries: 65536 (order: 7, 524288 bytes)
[    0.020043] Mount-cache hash table entries: 2048 (order: 2, 16384 bytes)
[    0.021679] Mountpoint-cache hash table entries: 2048 (order: 2, 16384 bytes)
[    0.024503] Last level iTLB entries: 4KB 512, 2MB 8, 4MB 8
[    0.028006] Last level dTLB entries: 4KB 512, 2MB 32, 4MB 32, 1GB 0
[    0.032006] Spectre V1 : Mitigation: usercopy/swapgs barriers and __user pointer sanitization
[    0.034144] Spectre V2 : Mitigation: Retpolines
[    0.035322] Spectre V2 : Spectre v2 / SpectreRSB mitigation: Filling RSB on context switch
[    0.036005] Speculative Store Bypass: Vulnerable
[    0.037117] MDS: Mitigation: Clear CPU buffers
[    0.040114] Freeing SMP alternatives memory: 36K
[    0.151749] smpboot: CPU0: Intel(R) Core(TM) i5-2540M CPU @ 2.60GHz (family: 0x6, model: 0x2a, stepping: 0x7)
[    0.152187] Performance Events: unsupported p6 CPU model 42 no PMU driver, software events only.
[    0.154135] Hierarchical SRCU implementation.
[    0.156614] NMI watchdog: Perf event create on CPU 0 failed with -2
[    0.158205] NMI watchdog: Perf NMI watchdog permanently disabled
[    0.159806] smp: Bringing up secondary CPUs ...
[    0.160246] x86: Booting SMP configuration:
[    0.161761] .... node  #0, CPUs:      #1
[    0.004000] kvm-clock: cpu 1, msr 0:3ff44041, secondary cpu clock
[    0.184029] smp: Brought up 1 node, 2 CPUs
[    0.184809] smpboot: Max logical packages: 1
[    0.185624] smpboot: Total of 2 processors activated (10376.41 BogoMIPS)
[    0.188314] devtmpfs: initialized
[    0.192139] x86/mm: Memory block size: 128MB
[    0.196287] evm: security.selinux
[    0.200012] evm: security.SMACK64
[    0.204008] evm: security.SMACK64EXEC
[    0.208008] evm: security.SMACK64TRANSMUTE
[    0.209280] evm: security.SMACK64MMAP
[    0.212008] evm: security.apparmor
[    0.213002] evm: security.ima
[    0.216009] evm: security.capability
[    0.220159] clocksource: jiffies: mask: 0xffffffff max_cycles: 0xffffffff, max_idle_ns: 7645041785100000 ns
[    0.224039] futex hash table entries: 512 (order: 3, 32768 bytes)
[    0.228117] pinctrl core: initialized pinctrl subsystem
[    0.236053] RTC time: 20:04:02, date: 01/17/23
[    0.237588] NET: Registered protocol family 16
[    0.240153] audit: initializing netlink subsys (disabled)
[    0.244081] audit: type=2000 audit(1673985847.702:1): state=initialized audit_enabled=0 res=1
[    0.256014] cpuidle: using governor ladder
[    0.257144] cpuidle: using governor menu
[    0.258282] ACPI: bus type PCI registered
[    0.260009] acpiphp: ACPI Hot Plug PCI Controller Driver version: 0.5
[    0.264161] PCI: Using configuration type 1 for base access
[    0.268064] HugeTLB registered 2.00 MiB page size, pre-allocated 0 pages
[    0.268128] ACPI: Added _OSI(Module Device)
[    0.269291] ACPI: Added _OSI(Processor Device)
[    0.272006] ACPI: Added _OSI(3.0 _SCP Extensions)
[    0.273244] ACPI: Added _OSI(Processor Aggregator Device)
[    0.276008] ACPI: Added _OSI(Linux-Dell-Video)
[    0.277314] ACPI: Added _OSI(Linux-Lenovo-NV-HDMI-Audio)
[    0.278801] ACPI: Added _OSI(Linux-HPI-Hybrid-Graphics)
[    0.288463] ACPI: Executed 1 blocks of module-level executable AML code
[    0.297113] ACPI: Interpreter enabled
[    0.298206] ACPI: (supports S0 S5)
[    0.299117] ACPI: Using IOAPIC for interrupt routing
[    0.300514] PCI: Using host bridge windows from ACPI; if necessary, use "pci=nocrs" and report a bug
[    0.312218] ACPI: Enabled 2 GPEs in block 00 to 07
[    0.321919] ACPI: PCI Root Bridge [PCI0] (domain 0000 [bus 00-ff])
[    0.328025] acpi PNP0A03:00: _OSC: OS supports [ASPM ClockPM Segments MSI]
[    0.356055] acpi PNP0A03:00: _OSC: not requesting OS control; OS requires [ExtendedConfig ASPM ClockPM MSI]
[    0.360024] acpi PNP0A03:00: fail to add MMCONFIG information, can't access extended PCI configuration space under this bridge.
[    0.372486] PCI host bridge to bus 0000:00
[    0.374665] pci_bus 0000:00: root bus resource [io  0x0000-0x0cf7 window]
[    0.376000] pci_bus 0000:00: root bus resource [io  0x0d00-0xffff window]
[    0.376008] pci_bus 0000:00: root bus resource [mem 0x000a0000-0x000bffff window]
[    0.380010] pci_bus 0000:00: root bus resource [mem 0x40000000-0xfdffffff window]
[    0.381935] pci_bus 0000:00: root bus resource [bus 00-ff]
[    0.388733] pci 0000:00:01.1: legacy IDE quirk: reg 0x10: [io  0x01f0-0x01f7]
[    0.400008] pci 0000:00:01.1: legacy IDE quirk: reg 0x14: [io  0x03f6]
[    0.401617] pci 0000:00:01.1: legacy IDE quirk: reg 0x18: [io  0x0170-0x0177]
[    0.408008] pci 0000:00:01.1: legacy IDE quirk: reg 0x1c: [io  0x0376]
[    0.438239] pci 0000:00:07.0: quirk: [io  0x4000-0x403f] claimed by PIIX4 ACPI
[    0.440017] pci 0000:00:07.0: quirk: [io  0x4100-0x410f] claimed by PIIX4 SMB
[    0.460373] ACPI: PCI Interrupt Link [LNKA] (IRQs 5 9 10 *11)
[    0.468583] ACPI: PCI Interrupt Link [LNKB] (IRQs 5 9 *10 11)
[    0.470187] ACPI: PCI Interrupt Link [LNKC] (IRQs 5 *9 10 11)
[    0.472211] ACPI: PCI Interrupt Link [LNKD] (IRQs 5 9 10 *11)
[    0.474227] SCSI subsystem initialized
[    0.476129] pci 0000:00:02.0: vgaarb: setting as boot VGA device
[    0.477529] pci 0000:00:02.0: vgaarb: VGA device added: decodes=io+mem,owns=io+mem,locks=none
[    0.488012] pci 0000:00:02.0: vgaarb: bridge control possible
[    0.488012] vgaarb: loaded
[    0.488804] ACPI: bus type USB registered
[    0.489831] usbcore: registered new interface driver usbfs
[    0.492021] usbcore: registered new interface driver hub
[    0.493292] usbcore: registered new device driver usb
[    0.496066] EDAC MC: Ver: 3.0.0
[    0.496320] PCI: Using ACPI for IRQ routing
[    0.504435] NetLabel: Initializing
[    0.512005] NetLabel:  domain hash size = 128
[    0.513126] NetLabel:  protocols = UNLABELED CIPSOv4 CALIPSO
[    0.516023] NetLabel:  unlabeled traffic allowed by default
[    0.517500] clocksource: Switched to clocksource kvm-clock
[    0.556754] VFS: Disk quotas dquot_6.6.0
[    0.558225] VFS: Dquot-cache hash table entries: 512 (order 0, 4096 bytes)
[    0.560113] AppArmor: AppArmor Filesystem Enabled
[    0.561311] pnp: PnP ACPI init
[    0.563931] pnp: PnP ACPI: found 3 devices
[    0.572171] clocksource: acpi_pm: mask: 0xffffff max_cycles: 0xffffff, max_idle_ns: 2085701024 ns
[    0.574523] NET: Registered protocol family 2
[    0.575782] IP idents hash table entries: 16384 (order: 5, 131072 bytes)
[    0.577819] TCP established hash table entries: 8192 (order: 4, 65536 bytes)
[    0.580285] TCP bind hash table entries: 8192 (order: 5, 131072 bytes)
[    0.581866] TCP: Hash tables configured (established 8192 bind 8192)
[    0.646849] UDP hash table entries: 512 (order: 2, 16384 bytes)
[    0.648311] UDP-Lite hash table entries: 512 (order: 2, 16384 bytes)
[    0.649959] NET: Registered protocol family 1
[    0.651093] pci 0000:00:00.0: Limiting direct PCI/PCI transfers
[    0.652584] pci 0000:00:01.0: Activating ISA DMA hang workarounds
[    0.654142] pci 0000:00:02.0: Video device with shadowed ROM at [mem 0x000c0000-0x000dffff]
[    0.656410] Unpacking initramfs...
[    1.028343] Freeing initrd memory: 19532K
[    1.029658] clocksource: tsc: mask: 0xffffffffffffffff max_cycles: 0x25647a45c02, max_idle_ns: 440795287674 ns
[    1.032193] platform rtc_cmos: registered platform RTC device (no PNP device found)
[    1.076847] Scanning for low memory corruption every 60 seconds
[    1.079044] Initialise system trusted keyrings
[    1.116527] Key type blacklist registered
[    1.117701] workingset: timestamp_bits=36 max_order=18 bucket_order=0
[    1.137867] zbud: loaded
[    1.139255] squashfs: version 4.0 (2009/01/31) Phillip Lougher
[    1.164421] fuse init (API version 7.26)
[    1.169152] Key type asymmetric registered
[    1.170175] Asymmetric key parser 'x509' registered
[    1.171448] Block layer SCSI generic (bsg) driver version 0.4 loaded (major 246)
[    1.257261] io scheduler noop registered
[    1.258113] io scheduler deadline registered
[    1.259076] io scheduler cfq registered (default)
[    1.260586] ACPI: AC Adapter [AC] (on-line)
[    1.261570] input: Power Button as /devices/LNXSYSTM:00/LNXPWRBN:00/input/input0
[    1.263240] ACPI: Power Button [PWRF]
[    1.264218] input: Sleep Button as /devices/LNXSYSTM:00/LNXSLPBN:00/input/input1
[    1.275820] ACPI: Sleep Button [SLPF]
[    1.328944] ACPI: Battery Slot [BAT0] (battery present)
[    1.333772] Serial: 8250/16550 driver, 32 ports, IRQ sharing enabled
[    1.397285] 00:02: ttyS0 at I/O 0x3f8 (irq = 4, base_baud = 115200) is a 16550A
[    1.420489] Linux agpgart interface v0.103
[    1.424027] loop: module loaded
[    1.425905] scsi host0: ata_piix
[    1.427038] scsi host1: ata_piix
[    1.427968] ata1: PATA max UDMA/33 cmd 0x1f0 ctl 0x3f6 bmdma 0xd000 irq 14
[    1.429700] ata2: PATA max UDMA/33 cmd 0x170 ctl 0x376 bmdma 0xd008 irq 15
[    1.432106] tun: Universal TUN/TAP device driver, 1.6
[    1.433502] PPP generic driver version 2.4.2
[    1.434681] ehci_hcd: USB 2.0 'Enhanced' Host Controller (EHCI) Driver
[    1.436329] ehci-pci: EHCI PCI platform driver
[    1.437374] ehci-platform: EHCI generic platform driver
[    1.438586] ohci_hcd: USB 1.1 'Open' Host Controller (OHCI) Driver
[    1.440058] ohci-pci: OHCI PCI platform driver
[    1.441156] ohci-platform: OHCI generic platform driver
[    1.442440] uhci_hcd: USB Universal Host Controller Interface driver
[    1.446855] i8042: PNP: PS/2 Controller [PNP0303:PS2K,PNP0f03:PS2M] at 0x60,0x64 irq 1,12
[    1.457852] serio: i8042 KBD port at 0x60,0x64 irq 1
[    1.473559] serio: i8042 AUX port at 0x60,0x64 irq 12
[    1.474983] mousedev: PS/2 mouse device common for all mice
[    1.476621] input: AT Translated Set 2 keyboard as /devices/platform/i8042/serio0/input/input2
[    1.491002] rtc_cmos rtc_cmos: rtc core: registered rtc_cmos as rtc0
[    1.492939] rtc_cmos rtc_cmos: alarms up to one day, 114 bytes nvram
[    1.505140] i2c /dev entries driver
[    1.512621] device-mapper: uevent: version 1.0.3
[    1.513952] device-mapper: ioctl: 4.37.0-ioctl (2017-09-20) initialised: dm-devel@redhat.com
[    1.516128] ledtrig-cpu: registered to indicate activity on CPUs
[    1.518259] NET: Registered protocol family 10
[    1.526095] Segment Routing with IPv6
[    1.527137] NET: Registered protocol family 17
[    1.528648] Key type dns_resolver registered
[    1.529967] mce: Using 0 MCE banks
[    1.530887] RAS: Correctable Errors collector initialized.
[    1.532280] sched_clock: Marking stable (1532252711, 0)->(2065979777, -533727066)
[    1.534770] registered taskstats version 1
[    1.537226] Loading compiled-in X.509 certificates
[    1.557173] Loaded X.509 cert 'Build time autogenerated kernel key: 29e5beaa583364da097e68c9386761f80dbce7ef'
[    1.573416] Loaded X.509 cert 'Canonical Ltd. Live Patch Signing: 14df34d1a87cf37625abec039ef2bf521249b969'
[    1.576775] Loaded X.509 cert 'Canonical Ltd. Kernel Module Signing: 88f752e560a1e0737e31163a466ad7b70a850c19'
[    1.600642] blacklist: Loading compiled-in revocation X.509 certificates
[    1.618515] Loaded X.509 cert 'Canonical Ltd. Secure Boot Signing: 61482aa2830d0ab2ad5af10b7250da9033ddcef0'
[    1.631253] zswap: loaded using pool lzo/zbud
[    1.655882] Key type big_key registered
[    1.662801] Key type trusted registered
[    1.677753] Key type encrypted registered
[    1.678851] AppArmor: AppArmor sha1 policy hashing enabled
[    1.692486] ima: No TPM chip found, activating TPM-bypass! (rc=-19)
[    1.693998] ima: Allocated hash algorithm: sha1
[    1.705856] evm: HMAC attrs: 0x1
[    1.707322]   Magic number: 7:880:93
[    1.725971] rtc_cmos rtc_cmos: setting system clock to 2023-01-17 20:04:04 UTC (1673985844)
[    1.738711] BIOS EDD facility v0.16 2004-Jun-25, 0 devices found
[    1.739718] EDD information not available.
[    1.744399] Freeing unused kernel image memory: 2472K
[    1.768141] Write protecting the kernel read-only data: 20480k
[    1.775923] Freeing unused kernel image memory: 2008K
[    1.777746] Freeing unused kernel image memory: 1824K
[    1.820673] x86/mm: Checked W+X mappings: passed, no W+X pages found.
[    1.823349] x86/mm: Checking user space page tables
[    1.838787] x86/mm: Checked W+X mappings: passed, no W+X pages found.
Loading, please wait...
starting version 237
[    2.024488] e1000: Intel(R) PRO/1000 Network Driver - version 7.3.21-k8-NAPI
[    2.026574] e1000: Copyright (c) 1999-2006 Intel Corporation.
[    2.065896] Fusion MPT base driver 3.04.20
[    2.085542] Copyright (c) 1999-2008 LSI Corporation
[    2.157720] AVX version of gcm_enc/dec engaged.
[    2.159039] AES CTR mode by8 optimization enabled
[    2.178215] Fusion MPT SPI Host driver 3.04.20
[    2.335912] input: ImExPS/2 Generic Explorer Mouse as /devices/platform/i8042/serio1/input/input4
[    2.555085] e1000 0000:00:03.0 eth0: (PCI:33MHz:32-bit) 02:40:49:ac:f0:20
[    2.565533] e1000 0000:00:03.0 eth0: Intel(R) PRO/1000 Network Connection
[    2.970124] e1000 0000:00:08.0 eth1: (PCI:33MHz:32-bit) 08:00:27:2f:36:ce
[    2.972104] e1000 0000:00:08.0 eth1: Intel(R) PRO/1000 Network Connection
[    2.976032] e1000 0000:00:08.0 enp0s8: renamed from eth1
[    2.993753] mptbase: ioc0: Initiating bringup
[    3.020986] e1000 0000:00:03.0 enp0s3: renamed from eth0
[    3.112226] ioc0: LSI53C1030 A0: Capabilities={Initiator}
[    3.355451] scsi host2: ioc0: LSI53C1030 A0, FwRev=00000000h, Ports=1, MaxQ=256, IRQ=20
[    3.524939] scsi 2:0:0:0: Direct-Access     VBOX     HARDDISK         1.0  PQ: 0 ANSI: 5
[    3.556106] scsi target2:0:0: Beginning Domain Validation
[    3.607854] scsi target2:0:0: Domain Validation skipping write tests
[    3.609815] scsi target2:0:0: Ending Domain Validation
[    3.611921] scsi target2:0:0: asynchronous
[    3.655715] scsi 2:0:1:0: Direct-Access     VBOX     HARDDISK         1.0  PQ: 0 ANSI: 5
[    3.728083] scsi target2:0:1: Beginning Domain Validation
[    3.732391] scsi target2:0:1: Domain Validation skipping write tests
[    3.757061] scsi target2:0:1: Ending Domain Validation
[    3.758481] scsi target2:0:1: asynchronous
[    3.765889] sd 2:0:0:0: Attached scsi generic sg0 type 0
[    3.767379] sd 2:0:0:0: [sda] 83886080 512-byte logical blocks: (42.9 GB/40.0 GiB)
[    3.770937] sd 2:0:0:0: [sda] Write Protect is off
[    3.771227] sd 2:0:1:0: [sdb] 20480 512-byte logical blocks: (10.5 MB/10.0 MiB)
[    3.774797] sd 2:0:1:0: Attached scsi generic sg1 type 0
[    3.774952] sd 2:0:1:0: [sdb] Write Protect is off
[    3.775796] sd 2:0:0:0: [sda] Incomplete mode parameter data
[    3.777813] sd 2:0:0:0: [sda] Assuming drive cache: write through
[    3.778040] sd 2:0:1:0: [sdb] Incomplete mode parameter data
[    3.785332] sd 2:0:1:0: [sdb] Assuming drive cache: write through
[    3.806711]  sda: sda1
[    3.808988] sd 2:0:0:0: [sda] Attached SCSI disk
[    3.846447] sd 2:0:1:0: [sdb] Attached SCSI disk
Begin: Loading essential drivers ... [    5.428043] raid6: sse2x1   gen()  6035 MB/s
[    5.476031] raid6: sse2x1   xor()  5712 MB/s
[    5.524032] raid6: sse2x2   gen()  9938 MB/s
[    5.572032] raid6: sse2x2   xor()  6306 MB/s
[    5.620023] raid6: sse2x4   gen() 11715 MB/s
[    5.668037] raid6: sse2x4   xor()  6206 MB/s
[    5.669047] raid6: using algorithm sse2x4 gen() 11715 MB/s
[    5.670265] raid6: .... xor() 6206 MB/s, rmw enabled
[    5.671401] raid6: using ssse3x2 recovery algorithm
[    5.694452] xor: automatically using best checksumming function   avx       
[    5.698247] async_tx: api initialized (async)
done.
Begin: Running /scripts/init-premount ... done.
Begin: Mounting root file system ... Begin: Running /scripts/local-top ... done.
Begin: Running /scripts/local-premount ... [    5.784912] Btrfs loaded, crc32c=crc32c-intel
Scanning for Btrfs filesystems
done.
Warning: fsck not present, so skipping root file system
[    5.887830] EXT4-fs (sda1): mounted filesystem with ordered data mode. Opts: (null)
done.
Begin: Running /scripts/local-bottom ... done.
Begin: Running /scripts/init-bottom ... done.
[    7.161606] ip_tables: (C) 2000-2006 Netfilter Core Team
[    7.298103] systemd[1]: systemd 237 running in system mode. (+PAM +AUDIT +SELINUX +IMA +APPARMOR +SMACK +SYSVINIT +UTMP +LIBCRYPTSETUP +GCRYPT +GNUTLS +ACL +XZ +LZ4 +SECCOMP +BLKID +ELFUTILS +KMOD -IDN2 +IDN -PCRE2 default-hierarchy=hybrid)
[    7.304299] systemd[1]: Detected virtualization oracle.
[    7.306024] systemd[1]: Detected architecture x86-64.

Welcome to [1mUbuntu 18.04.6 LTS[0m!

[    7.344881] systemd[1]: Set hostname to <ubuntu>.
[    7.379685] random: systemd: uninitialized urandom read (16 bytes read)
[    7.443878] systemd[1]: Initializing machine ID from random generator.
[    7.445611] systemd[1]: Installed transient /etc/machine-id file.
[    9.041473] random: systemd: uninitialized urandom read (16 bytes read)
[    9.043515] systemd[1]: Reached target User and Group Name Lookups.
[[0;32m  OK  [0m] Reached target User and Group Name Lookups.
[    9.052169] random: systemd: uninitialized urandom read (16 bytes read)
[    9.053743] systemd[1]: Reached target System Time Synchronized.
[[0;32m  OK  [0m] Reached target System Time Synchronized.
[    9.056231] random: systemd: uninitialized urandom read (16 bytes read)
[    9.077395] systemd[1]: Reached target Swap.
[[0;32m  OK  [0m] Reached target Swap.
[    9.079660] systemd[1]: Set up automount Arbitrary Executable File Formats File System Automount Point.
[[0;32m  OK  [0m] Set up automount Arbitrary Executab…rmats File System Automount Point.
[[0;32m  OK  [0m] Started Forward Password Requests to Wall Directory Watch.
[[0;32m  OK  [0m] Created slice User and Session Slice.
[[0;32m  OK  [0m] Created slice System Slice.
[[0;32m  OK  [0m] Listening on Syslog Socket.
[[0;32m  OK  [0m] Listening on Journal Socket.
[[0;32m  OK  [0m] Listening on Journal Socket (/dev/log).
         Starting Create list of required st…ce nodes for the current kernel...
[[0;32m  OK  [0m] Listening on udev Kernel Socket.
         Mounting Huge Pages File System...
[[0;32m  OK  [0m] Listening on LVM2 poll daemon socket.
[[0;32m  OK  [0m] Listening on Journal Audit Socket.
         Starting Journal Service...
         Starting Uncomplicated firewall...
[[0;32m  OK  [0m] Reached target Slices.
[[0;32m  OK  [0m] Listening on udev Control Socket.
[[0;32m  OK  [0m] Listening on fsck to fsckd communication Socket.
         Starting File System Check on Root Device...
[[0;32m  OK  [0m] Created slice system-serial\x2dgetty.slice.
         Starting udev Coldplug all Devices...
[[0;32m  OK  [0m] Listening on Network Service Netlink Socket.
         Starting Load Kernel Modules...
[    9.306910] Loading iSCSI transport class v2.0-870.
[[0;32m  OK  [[    9.351148] random: crng init done
0m] Listening on LVM2 metadata daemon socket.
[    9.362332] random: 30 urandom warning(s) missed due to ratelimiting
[[0;32m  OK  [0m] Listening on Device-mapper event daemon FIFOs.
[[0;32m  OK  [0m] Listening on /dev/initctl Compatibility Named Pipe.
         Starting Set the console keyboard layout...
         Mounting POSIX Message Queue File System...
         Mounting Kernel Debug File System...
         Starting Monitoring of LVM2 mirrors…ng dmeventd or progress polling...
[[0;32m  OK  [0m] Started Journal [    9.462220] iscsi: registered transport (tcp)
Service.
[[0;32m  OK  [0m] Started Create list of required sta…vice nodes for the current kernel.
[[0;32m  OK  [0m] Mounted Huge Pages File System.
[[0;32m  OK  [0m] Started Uncomplicated firewall.
[[0;32m  OK  [0m] Started File System Check on Root Device.
[[0;32m  OK  [0m] Mounted POSIX Message Queue File System.
[[0;32m  OK  [0m] Mounted Kernel Debug File System.
[[0;32m  OK  [0m] Started File System Check Daemon to report status.
         Starting Remount Root and Kernel File Systems...
         Starting Create Static Device Nodes in /dev...
[[0;32m  OK  [0m] Started udev Coldplug all Devices.
[    9.771778] EXT4-fs (sda1): re-mounted. Opts: (null)
[[0;32m  OK  [0m] Started Remount Root and Kernel File Systems.
[    9.821653] iscsi: registered transport (iser)
         Starting Flush Journal to Persistent Storage...
         Starting Load/Save Random Seed...
[[0;32m  OK  [0m] Started Load Kernel Modules.
[[0;32m  OK  [0m] Started Create Static Device Nodes in /dev.
         Starting udev Kernel Device Manager...
         Mounting FUSE Control File System...
         Mounting Kernel Configuration File System...
         Starting Apply Kernel Variables...
[[0;32m  OK  [0m] Mounted FUSE Control File System.
[[0;32m  OK  [0m] Mounted Kernel Configuration File System.
[   10.004132] systemd-journald[397]: Received request to flush runtime journal from PID 1
[[0;32m  OK  [0m] Started Load/Save Random Seed.
[[0;32m  OK  [0m] Started LVM2 metadata daemon.
[[0;32m  OK  [0m] Started udev Kernel Device Manager.
[[0;32m  OK  [0m] Started Apply Kernel Variables.
[[0;32m  OK  [0m] Started Flush Journal to Persistent Storage.
[[0;32m  OK  [0m] Started Monitoring of LVM2 mirrors,…sing dmeventd or progress polling.
[[0;32m  OK  [0m] Found device /dev/ttyS0.
[[0;32m  OK  [0m] Listening on Load/Save RF Kill Switch Status /dev/rfkill Watch.
         Mounting Arbitrary Executable File Formats File System...
[[0;32m  OK  [0m] Mounted Arbitrary Executable File Formats File System.
[[0;32m  OK  [0m] Started Set the console keyboard layout.
[[0;32m  OK  [0m] Reached target Local File Systems (Pre).
[[0;32m  OK  [0m] Reached target Local File Systems.
         Starting Tell Plymouth To Write Out Runtime Data...
         Starting Commit a transient machine-id on disk...
         Starting Create Volatile Files and Directories...
         Starting Set console font and keymap...
         Starting ebtables ruleset management...
         Starting AppArmor initialization...
[[0;32m  OK  [0m] Started Dispatch Password Requests to Console Directory Watch.
[[0;32m  OK  [0m] Reached target Local Encrypted Volumes.
[[0;32m  OK  [0m] Started Tell Plymouth To Write Out Runtime Data.
[[0;32m  OK  [0m] Started Create Volatile Files and Directories.
         Starting Update UTMP about System Boot/Shutdown...
[[0;32m  OK  [0m] Started Update UTMP about System Boot/Shutdown.
[[0;32m  OK  [0m] Started Commit a transient machine-id on disk.
[[0;32m  OK  [0m] Started ebtables ruleset management.
[[0;32m  OK  [0m] Started AppArmor initialization.
         Starting Initial cloud-init job (pre-networking)...
         Starting Load AppArmor profiles managed internally by snapd...
[[0;32m  OK  [0m] Started Set console font and keymap.
[[0;32m  OK  [0m] Started Load AppArmor profiles managed internally by snapd.
[   19.854906] cloud-init[858]: Cloud-init v. 22.4.2-0ubuntu0~18.04.1 running 'init-local' at Tue, 17 Jan 2023 20:04:21 +0000. Up 19.11 seconds.
[[0;32m  OK  [0m] Started Initial cloud-init job (pre-networking).
[[0;32m  OK  [0m] Reached target Network (Pre).
         Starting Network Service...
[[0;32m  OK  [0m] Started Network Service.
         Starting Wait for Network to be Configured...
         Starting Network Name Resolution...
[[0;32m  OK  [0m] Started Network Name Resolution.
[[0;32m  OK  [0m] Reached target Network.
[[0;32m  OK  [0m] Reached target Host and Network Name Lookups.
[[0;32m  OK  [0m] Started Wait for Network to be Configured.
         Starting Initial cloud-init job (metadata service crawler)...
[   22.788603] cloud-init[1017]: Cloud-init v. 22.4.2-0ubuntu0~18.04.1 running 'init' at Tue, 17 Jan 2023 20:04:25 +0000. Up 22.30 seconds.
[   22.791936] cloud-init[1017]: ci-info: ++++++++++++++++++++++++++++++++++++++Net device info+++++++++++++++++++++++++++++++++++++++
[   22.806419] cloud-init[1017]: ci-info: +--------+-------+----------------------------+---------------+--------+-------------------+
[   22.826845] cloud-init[1017]: ci-info: | Device |   Up  |          Address           |      Mask     | Scope  |     Hw-Address    |
[   22.842814] cloud-init[1017]: ci-info: +--------+-------+----------------------------+---------------+--------+-------------------+
[   22.846192] cloud-init[1017]: ci-info: | enp0s3 |  True |         10.0.2.15          | 255.255.255.0 | global | 02:40:49:ac:f0:20 |
[   22.849169] cloud-init[1017]: ci-info: | enp0s3 |  True | fe80::40:49ff:feac:f020/64 |       .       |  link  | 02:40:49:ac:f0:20 |
[   22.852292] cloud-init[1017]: ci-info: | enp0s8 | False |             .              |       .       |   .    | 08:00:27:2f:36:ce |
[   22.855338] cloud-init[1017]: ci-info: |   lo   |  True |         127.0.0.1          |   255.0.0.0   |  host  |         .         |
[   22.884253] cloud-init[1017]: ci-info: |   lo   |  True |          ::1/128           |       .       |  host  |         .         |
[   22.886853] cloud-init[1017]: ci-info: +--------+-------+----------------------------+---------------+--------+-------------------+
[   22.889888] cloud-init[1017]: ci-info: ++++++++++++++++++++++++++++Route IPv4 info+++++++++++++++++++++++++++++
[   22.891843] cloud-init[1017]: ci-info: +-------+-------------+----------+-----------------+-----------+-------+
[   22.893804] cloud-init[1017]: ci-info: | Route | Destination | Gateway  |     Genmask     | Interface | Flags |
[   22.936443] cloud-init[1017]: ci-info: +-------+-------------+----------+-----------------+-----------+-------+
[   22.952830] cloud-init[1017]: ci-info: |   0   |   0.0.0.0   | 10.0.2.2 |     0.0.0.0     |   enp0s3  |   UG  |
[   22.972298] cloud-init[1017]: ci-info: |   1   |   10.0.2.0  | 0.0.0.0  |  255.255.255.0  |   enp0s3  |   U   |
[   22.980476] cloud-init[1017]: ci-info: |   2   |   10.0.2.2  | 0.0.0.0  | 255.255.255.255 |   enp0s3  |   UH  |
[   22.983127] cloud-init[1017]: ci-info: +-------+-------------+----------+-----------------+-----------+-------+
[   22.989647] cloud-init[1017]: ci-info: +++++++++++++++++++Route IPv6 info+++++++++++++++++++
[   22.991361] cloud-init[1017]: ci-info: +-------+-------------+---------+-----------+-------+
[   22.992854] cloud-init[1017]: ci-info: | Route | Destination | Gateway | Interface | Flags |
[   23.009373] cloud-init[1017]: ci-info: +-------+-------------+---------+-----------+-------+
[   23.011311] cloud-init[1017]: ci-info: |   1   |  fe80::/64  |    ::   |   enp0s3  |   U   |
[   23.026018] cloud-init[1017]: ci-info: |   3   |    local    |    ::   |   enp0s3  |   U   |
[   23.027823] cloud-init[1017]: ci-info: |   4   |   ff00::/8  |    ::   |   enp0s3  |   U   |
[   23.030136] cloud-init[1017]: ci-info: +-------+-------------+---------+-----------+-------+
[   25.409728] cloud-init[1017]: Generating public/private rsa key pair.
[   25.412671] cloud-init[1017]: Your identification has been saved in /etc/ssh/ssh_host_rsa_key.
[   25.414588] cloud-init[1017]: Your public key has been saved in /etc/ssh/ssh_host_rsa_key.pub.
[   25.416455] cloud-init[1017]: The key fingerprint is:
[   25.417591] cloud-init[1017]: SHA256:GCoUWLAIsravUza+C2i3dDjRdZFQ6Leu7ETASHETcEY root@ubuntu-bionic
[   25.419426] cloud-init[1017]: The key's randomart image is:
[   25.420689] cloud-init[1017]: +---[RSA 2048]----+
[   25.455154] cloud-init[1017]: |++o++E..+o.      |
[   25.478832] cloud-init[1017]: |=o..* .. ..      |
[   25.480009] cloud-init[1017]: |+... oo. .       |
[[   25.526810] cloud-init[1017]: |... ..o+..       |
[   25.527025] cloud-init[1017]: | .......S .      |
[   25.528005] cloud-init[1017]: |. .=o .  .       |
[0;32m  OK  [0m] Started Initial cloud-init job (metadata service crawler).
[[0;32m  OK  [0m] Reached target System Initialization.
[   25.546536] cloud-init[1017]: |.o+*.. ..        |
[   25.548754] cloud-init[1017]: |..=.+ o  .       |
[   25.549929] cloud-init[1017]: | ..+o .+.        |
[   25.550933] cloud-init[1017]: +----[SHA256]-----+
[   25.551970] cloud-init[1017]: Generating public/private dsa key pair.
[   25.553372] cloud-init[1017]: Your identification has been saved in /etc/ssh/ssh_host_dsa_key.
[   25.555824] cloud-init[1017]: Your public key has been saved in /etc/ssh/ssh_host_dsa_key.pub.
[[   25.558817] cloud-init[1017]: The key fingerprint is:
[   25.559101] cloud-init[1017]: SHA256:CizPyZr8wPFfqzau/9FoIYFSPAjogxuh9EBf4Dhkp/4 root@ubuntu-bionic
[0;32m  OK  [0m] Started ACPI Events Check.
[   25.559508] cloud-init[[0;32m  OK  [0m] Started Message of the Day.
[1017]: The key's randomart image is:
[[0;32m  OK  [0m] Started Discard unused blocks once a week.
[[0;32m  OK  [0m] Listening on ACPID Listen Socket.
[   25.605721] cloud-init[1017]: +---[DSA 1024]----+
[[   25.628642] cloud-init[1017]: |+= =o.           |
[   25.628825] cloud-init[1017]: |=oB.+.           |
[   25.629770] cloud-init[1017]: |==+o...          |
[   25.630673] cloud-init[1017]: |=o.+   .         |
[   25.631501] cloud-init[1017]: | ++ o . S        |
[   25.633074] cloud-init[1017]: |...B o o +       |
[   25.633542] cloud-init[1017]: |  oE* . = .      |
[   25.634057] cloud-init[1017]: | . + .oo o       |
[   25.634512] cloud-init[1017]: |  +.o==+o        |
[   25.635066] cloud-init[1017]: +----[SHA256]-----+
[   25.635501] cloud-init[1017]: Generating public/private ecdsa key pair.
[   25.635928] cloud-init[1017]: Your identification has been saved in /etc/ssh/ssh_host_ecdsa_key.
[   25.636373] cloud-init[1017]: Your public key has been saved in /etc/ssh/ssh_host_ecdsa_key.pub.
[   25.636813] cloud-init[1017]: The key fingerprint is:
[0;32m  OK  [0m] Reached target Paths.
[   25.637279] cloud-init[1017]: SHA256:JF1zfOtiFIAAYD8brP3hczloDAqhE9N1sMcxxt5jRyo root@ubuntu-bionic
         [   25.670924] Starting Socket activation for snappy daemon.cloud-init
[1017]: The key's randomart image is:
[[   25.678953] cloud-init[1017]: +---[ECDSA 256]---+
[   25.679166] cloud-init[1017]: |  o.++*. .+o.    |
[0;32m  OK  [0m] Listening on UUID daemon activation socket.
[   25.679663] cloud-init[1017]: | o + =.+...oo .  |
[[   25.708294] cloud-init[1017]: |+ . *.+.oo   o . |
[0;32m  OK  [0m[   25.718144] cloud-init[1017]: |.+ o =Eo= . . .  |
[   25.718722] cloud-init[1017]: |+ . + .oSo . .   |
[   25.719779] cloud-init[1017]: | o . = o .  o .  |
[   25.720674] cloud-init[1017]: |  .   B +  . .   |
[   25.721838] cloud-init[1017]: |     . o .       |
[   25.722663] cloud-init[1017]: |                 |] 
Listening on Open-iSCSI iscsid Socket.
[   25.722857] cloud-init[1017]: +----[SHA256]-----+
[[   25.732648] cloud-init[1017]: Generating public/private ed25519 key pair.
[   25.733150] cloud-init[1017]: Your identification has been saved in /etc/ssh/ssh_host_ed25519_key.
[   25.733692] cloud-init[1017]: Your public key has been saved in /etc/ssh/ssh_host_ed25519_key.pub.
[0;32m  OK  [0m] Started Daily Cleanup of Temporary Directories.
[   25.734136] cloud-init[1017]: The key fingerprint is:
         [   25.789356] cloud-init[1017]: SHA256:jXFm3NcTlhPODv+Vvtyk8OkOzgmnOVJhN3qIDGju1+k root@ubuntu-bionic
Starting LXD - unix socket.[   25.791332] cloud-init[1017]: The key's randomart image is:

[   25.793374] cloud-init[1017]: +--[ED25519 256]--+
[[0;32m  OK  [0m[   25.825898] cloud-init[1017]: |               +o|
] Listening on D-Bus System Message Bus Socket.
[   25.826884] cloud-init[1017]: |         . .  ++.|
[[   25.876320] cloud-init[1017]: |     .  . = ...+o|
[   25.877022] cloud-init[1017]: |    o .  Bo o.+ o|
[   25.878041] cloud-init[1017]: |   o   oSo.= . +.|
[0;32m  OK  [0m[   25.879395] cloud-init[1017]: |    .   o + . . o|
[   25.879825] cloud-init[1017]: |   .   . o..+  .o|
[   25.880995] cloud-init[1017]: |    . . + .B =.+o|
] Started Daily apt download activities.
[   25.881586] cloud-init[1017]: |     . .E.o.+o*o.|
[[0;32m  OK  [0m[   25.927444] cloud-init[1017]: +----[SHA256]-----+
] Started Daily apt upgrade and clean activities.
[[0;32m  OK  [0m] Started Ubuntu Advantage Timer for running repeated jobs.
[[0;32m  OK  [0m] Reached target Timers.
[[0;32m  OK  [0m] Listening on cloud-init hotplug hook socket.
[[0;32m  OK  [0m] Reached target Cloud-config availability.
[[0;32m  OK  [0m] Reached target Network is Online.
[[0;32m  OK  [0m] Reached target Remote File Systems (Pre).
[[0;32m  OK  [0m] Reached target Remote File Systems.
         Starting Availability of block devices...
[[0;32m  OK  [0m] Listening on Socket activation for snappy daemon.
[[0;32m  OK  [0m] Listening on LXD - unix socket.
[[0;32m  OK  [0m] Started Availability of block devices.
[[0;32m  OK  [0m] Reached target Sockets.
[[0;32m  OK  [0m] Reached target Basic System.
[[0;32m  OK  [0m] Started FUSE filesystem for LXC.
[[0;32m  OK  [0m] Started D-Bus System Message Bus.
         Starting System Logging Service...
[[0;32m  OK  [0m] Started irqbalance daemon.
[[0;32m  OK  [0m] Started Regular background program processing daemon.
         Starting Login Service...
         Starting Permit User Sessions...
         Starting Dispatcher daemon for systemd-networkd...
         Starting Virtualbox guest utils...
         Starting Accounts Service...
         Starting LSB: automatic crash report generation...
         Starting LSB: Record successful boot for GRUB...
[[0;32m  OK  [0m] Started Deferred execution scheduler.
         Starting Pollinate to seed the pseudo random number generator...
         Starting LXD - container startup/shutdown...
[[0;32m  OK  [0m] Reached target Login Prompts (Pre).
         Starting Snap Daemon...
[[0;32m  OK  [0m] Started System Logging Service.
[[0;32m  OK  [0m] Started Permit User Sessions.
[[0;32m  OK  [0m] Started Login Service.
[[0;32m  OK  [0m] Started Unattended Upgrades Shutdown.
         Starting Hold until boot process finishes up...
         Starting Terminate Plymouth Boot Screen...
[[0;32m  OK  [0m] Started Hold until boot process finishes up.
         Starting Set console scheme...
[[0;32m  OK  [0m] Started Serial Getty on ttyS0.
[[0;32m  OK  [0m] Started Terminate Plymouth Boot Screen.
[[0;32m  OK  [0m] Started LSB: automatic crash report generation.
[[0;32m  OK  [0m] Started Set console scheme.
[[0;32m  OK  [0m] Created slice system-getty.slice.
[[0;32m  OK  [0m] Started Getty on tty1.
[[0;32m  OK  [0m] Reached target Login Prompts.
         Starting Authorization Manager...
[[0;32m  OK  [0m] Started LSB: Record successful boot for GRUB.
[[0;32m  OK  [0m] Started Dispatcher daemon for systemd-networkd.
[[0;32m  OK  [0m] Started Authorization Manager.
[[0;32m  OK  [0m] Started Accounts Service.
[[0;32m  OK  [0m] Started Virtualbox guest utils.
[[0;32m  OK  [0m] Started LXD - container startup/shutdown.
[[0;32m  OK  [0m] Started Snap Daemon.
         Starting Wait until snapd is fully seeded...

Ubuntu 18.04.6 LTS ubuntu-bionic ttyS0

ubuntu-bionic login: [   37.663579] cloud-init[1603]: Cloud-init v. 22.4.2-0ubuntu0~18.04.1 running 'modules:config' at Tue, 17 Jan 2023 20:04:38 +0000. Up 35.31 seconds.
ci-info: no authorized SSH keys fingerprints found for user ubuntu.
<14>Jan 17 20:04:42 cloud-init: #############################################################
<14>Jan 17 20:04:42 cloud-init: -----BEGIN SSH HOST KEY FINGERPRINTS-----
<14>Jan 17 20:04:42 cloud-init: 1024 SHA256:CizPyZr8wPFfqzau/9FoIYFSPAjogxuh9EBf4Dhkp/4 root@ubuntu-bionic (DSA)
<14>Jan 17 20:04:42 cloud-init: 256 SHA256:JF1zfOtiFIAAYD8brP3hczloDAqhE9N1sMcxxt5jRyo root@ubuntu-bionic (ECDSA)
<14>Jan 17 20:04:42 cloud-init: 256 SHA256:jXFm3NcTlhPODv+Vvtyk8OkOzgmnOVJhN3qIDGju1+k root@ubuntu-bionic (ED25519)
<14>Jan 17 20:04:42 cloud-init: 2048 SHA256:GCoUWLAIsravUza+C2i3dDjRdZFQ6Leu7ETASHETcEY root@ubuntu-bionic (RSA)
<14>Jan 17 20:04:42 cloud-init: -----END SSH HOST KEY FINGERPRINTS-----
<14>Jan 17 20:04:42 cloud-init: #############################################################
-----BEGIN SSH HOST KEY KEYS-----
ecdsa-sha2-nistp256 AAAAE2VjZHNhLXNoYTItbmlzdHAyNTYAAAAIbmlzdHAyNTYAAABBBCvacMX8QlikfPWX7rsD2iBy3mfacdY06ZcrDUNz6aKFDLlXn0chm7yFP/9BVqjuYrtc6+tTF+1RGz7cEmsjjNU= root@ubuntu-bionic
ssh-ed25519 AAAAC3NzaC1lZDI1NTE5AAAAIF5qwaGc84mi9LKEJ/rN/KRaEsdNk6Moy6BEc3EgcNqa root@ubuntu-bionic
ssh-rsa AAAAB3NzaC1yc2EAAAADAQABAAABAQCas1oO6vHA/m2mAxmKU0VzEU3nbb9VAElsonepDEt7/V0cvsCjJhzwVZ3PMrSUUHwQBHnRxEA6lMIF5o0cl1Uw5CVR3wT6AW+T10xSAeZ06b2nSKuVPDL27bCwXSisTQ9LMzFYH6pfnczgQ0eedziWp2F6bTi4JiiXDqKW0eNfVOrfVfDTa3sbFnbvYMP9EHYyXTUWmWtkcfyEUs+4S+Nu/V+Zb/FnijwjqibEd20bUrv2zXZyzIjsr1hf4hWc3Mn/0q06EkeSWPEc41vn96nnuVwJfeelSNAQ4+KXYSFOuGxMv/Y5CnOQ+kXHsb4/ZK8UwLQNKSSNOs22L1k/s75b root@ubuntu-bionic
-----END SSH HOST KEY KEYS-----
[   39.986021] cloud-init[1691]: Cloud-init v. 22.4.2-0ubuntu0~18.04.1 running 'modules:final' at Tue, 17 Jan 2023 20:04:42 +0000. Up 39.34 seconds.
[   39.986285] cloud-init[1691]: Cloud-init v. 22.4.2-0ubuntu0~18.04.1 finished at Tue, 17 Jan 2023 20:04:42 +0000. Datasource DataSourceNoCloud [seed=/dev/sdb][dsmode=net].  Up 39.96 seconds
         Stopping Authoriza          Stopping Getty on tty1...
         Stopping System Logging Service...
         Stopping LXD - container startup/shutdown...
         Stopping LSB: Record successful boot for GRUB...
         Stopping Accounts Service...
         Stopping OpenBSD Secure Shell server...
[[0;32m  OK  [0m] Stopped target Network is Online.
[[0;32m  OK  [0m] Unmounted /var/lib/lxcfs.
[[0;32m  OK  [0m] Stopped System Logging Service.
[[0;32m  OK  [0m] Stopped irqbalance daemon.
[[0;32m  OK  [0m] Stopped Regular background program processing daemon.
[[0;32m  OK  [0m] Stopped Dispatcher daemon for systemd-networkd.
[[0;32m  OK  [0m] Stopped Accounts Service.
[[0;32m  OK  [0m] Stopped Deferred execution scheduler.
[[0;32m  OK  [0m] Stopped Unattended Upgrades Shutdown.
[[0;32m  OK  [0m] Stopped Serial Getty on ttyS0.
[[0;32m  OK  [0m] Stopped Getty on tty1.
[[0;32m  OK  [0m] Stopped Authorization Manager.
[[0;32m  OK  [0m] Stopped OpenBSD Secure Shell server.
[[0;32m  OK  [0m] Stopped User Manager for UID 1000.
[[0;32m  OK  [0m] Stopped Availability of block devices.
[[0;32m  OK  [0m] Stopped D-Bus System Message Bus.
[[0;32m  OK  [0m] Stopped FUSE filesystem for LXC.
[[0;32m  OK  [0m] Stopped Session 9 of user vagrant.
[[0;32m  OK  [0m] Removed slice User Slice of vagrant.
[[0;32m  OK  [0m] Removed slice system-getty.slice.
[[0;32m  OK  [0m] Stopped target Login Prompts (Pre).
[[0;32m  OK  [0m] Removed slice system-serial\x2dgetty.slice.
         Stopping Permit User Sessions...
         Stopping Login Service...
[[0;32m  OK  [0m] Stopped LSB: automatic crash report generation.
[[0;32m  OK  [0m] Stopped Virtualbox guest utils.
[[0;32m  OK  [0m] Stopped LXD - container startup/shutdown.
[[0;32m  OK  [0m] Stopped LSB: Record successful boot for GRUB.
[[0;32m  OK  [0m] Stopped Permit User Sessions.
[[0;32m  OK  [0m] Stopped Login Service.
[[0;32m  OK  [0m] Stopped target Network.
         Stopping Network Name Resolution...
[[0;32m  OK  [0m] Stopped target User and Group Name Lookups.
[[0;32m  OK  [0m] Stopped target Basic System.
[[0;32m  OK  [0m] Stopped target Slices.
[[0;32m  OK  [0m] Removed slice User and Session Slice.
[[0;32m  OK  [0m] Stopped target Paths.
[[0;32m  OK  [0m] Stopped ACPI Events Check.
[[0;32m  OK  [0m] Stopped target Sockets.
[[0;32m  OK  [0m] Closed Open-iSCSI iscsid Socket.
[[0;32m  OK  [0m] Closed ACPID Listen Socket.
[[0;32m  OK  [0m] Closed LXD - unix socket.
[[0;32m  OK  [0m] Closed Syslog Socket.
[[0;32m  OK  [0m] Closed UUID daemon activation socket.
[[0;32m  OK  [0m] Closed D-Bus System Message Bus Socket.
[[0;32m  OK  [0m] Closed Socket activation for snappy daemon.
[[0;32m  OK  [0m] Closed cloud-init hotplug hook socket.
[[0;32m  OK  [0m] Stopped target System Initialization.
         Stopping Load/Save Random Seed...
         Stopping Update UTMP about System Boot/Shutdown...
[[0;32m  OK  [0m] Stopped Commit a transient machine-id on disk.
[[0;32m  OK  [0m] Stopped target Local Encrypted Volumes.
[[0;32m  OK  [0m] Stopped Dispatch Password Requests to Console Directory Watch.
[[0;32m  OK  [0m] Stopped Forward Password Requests to Wall Directory Watch.
[[0;32m  OK  [0m] Stopped Initial cloud-init job (metadata service crawler).
[[0;32m  OK  [0m] Stopped target Remote File Systems.
[[0;32m  OK  [0m] Stopped target Remote File Systems (Pre).
[[0;32m  OK  [0m] Stopped Network Name Resolution.
[[0;32m  OK  [0m] Stopped Load/Save Random Seed.
[[0;32m  OK  [0m] Stopped Update UTMP about System Boot/Shutdown.
[[0;32m  OK  [0m] Stopped Create Volatile Files and Directories.
[[0;32m  OK  [0m] Stopped target Local File Systems.
         Unmounting /vagrant...
         Unmounting /run/user/1000...
         Stopping Network Service...
[[0;32m  OK  [0m] Unmounted /vagrant.
[[0;32m  OK  [0m] Unmounted /run/user/1000.
[[0;32m  OK  [0m] Stopped target Swap.
[[0;32m  OK  [0m] Reached target Unmount All Filesystems.
[[0;32m  OK  [0m] Stopped target Local File Systems (Pre).
         Stopping Monitoring of LVM2 mirrors…ng dmeventd or progress polling...
[[0;32m  OK  [0m] Stopped Create Static Device Nodes in /dev.
[[0;32m  OK  [0m] Stopped Network Service.
[[0;32m  OK  [0m] Stopped Monitoring of LVM2 mirrors,…sing dmeventd or progress polling.
         Stopping LVM2 metadata daemon...
[[0;32m  OK  [0m] Stopped target Network (Pre).
[[0;32m  OK  [0m] Stopped Initial cloud-init job (pre-networking).
[[0;32m  OK  [0m] Stopped Remount Root and Kernel File Systems.
[[0;32m  OK  [0m] Stopped Apply Kernel Variables.
[[0;32m  OK  [0m] Stopped Load Kernel Modules.
[[0;32m  OK  [0m] Reached target Shutdown.
[[0;32m  OK  [0m] Reached target Final Step.
         Starting Power-Off...
[[0;32m  OK  [0m] Stopped LVM2 metadata daemon.
[ 7567.196152] reboot: Power down
